<?xml version="1.0" encoding="UTF-8"?>
<coverage generated="1711994247241" clover="3.2.0">
  <project timestamp="1711994247241" name="All files">
    <metrics statements="29" coveredstatements="25" conditionals="6" coveredconditionals="4" methods="10" coveredmethods="9" elements="45" coveredelements="38" complexity="0" loc="29" ncloc="29" packages="3" files="5" classes="5"/>
    <package name="db.types">
      <metrics statements="0" coveredstatements="0" conditionals="0" coveredconditionals="0" methods="0" coveredmethods="0"/>
      <file name="tables.ts" path="/Users/davewoolner/Desktop/tweak-app/src/db/types/tables.ts">
        <metrics statements="0" coveredstatements="0" conditionals="0" coveredconditionals="0" methods="0" coveredmethods="0"/>
      </file>
    </package>
    <package name="models">
      <metrics statements="26" coveredstatements="22" conditionals="4" coveredconditionals="2" methods="9" coveredmethods="8"/>
      <file name="base.ts" path="/Users/davewoolner/Desktop/tweak-app/src/models/base.ts">
        <metrics statements="20" coveredstatements="16" conditionals="4" coveredconditionals="2" methods="7" coveredmethods="6"/>
        <line num="12" count="24" type="stmt"/>
        <line num="13" count="24" type="stmt"/>
        <line num="17" count="7" type="stmt"/>
        <line num="18" count="7" type="stmt"/>
        <line num="20" count="2" type="stmt"/>
        <line num="24" count="4" type="stmt"/>
        <line num="25" count="4" type="stmt"/>
        <line num="27" count="0" type="stmt"/>
        <line num="32" count="2" type="stmt"/>
        <line num="33" count="2" type="stmt"/>
        <line num="35" count="0" type="stmt"/>
        <line num="40" count="3" type="stmt"/>
        <line num="41" count="3" type="stmt"/>
        <line num="43" count="1" type="stmt"/>
        <line num="48" count="2" type="stmt"/>
        <line num="49" count="2" type="stmt"/>
        <line num="51" count="2" type="cond" truecount="2" falsecount="2"/>
        <line num="52" count="0" type="stmt"/>
        <line num="55" count="2" type="stmt"/>
        <line num="59" count="0" type="stmt"/>
      </file>
      <file name="fixture.ts" path="/Users/davewoolner/Desktop/tweak-app/src/models/fixture.ts">
        <metrics statements="3" coveredstatements="3" conditionals="0" coveredconditionals="0" methods="1" coveredmethods="1"/>
        <line num="6" count="8" type="stmt"/>
        <line num="7" count="8" type="stmt"/>
        <line num="10" count="8" type="stmt"/>
      </file>
      <file name="profile.ts" path="/Users/davewoolner/Desktop/tweak-app/src/models/profile.ts">
        <metrics statements="3" coveredstatements="3" conditionals="0" coveredconditionals="0" methods="1" coveredmethods="1"/>
        <line num="10" count="2" type="stmt"/>
        <line num="11" count="2" type="stmt"/>
        <line num="14" count="2" type="stmt"/>
      </file>
    </package>
    <package name="util">
      <metrics statements="3" coveredstatements="3" conditionals="2" coveredconditionals="2" methods="1" coveredmethods="1"/>
      <file name="errors.ts" path="/Users/davewoolner/Desktop/tweak-app/src/util/errors.ts">
        <metrics statements="3" coveredstatements="3" conditionals="2" coveredconditionals="2" methods="1" coveredmethods="1"/>
        <line num="2" count="7" type="cond" truecount="2" falsecount="0"/>
        <line num="3" count="5" type="stmt"/>
        <line num="5" count="2" type="stmt"/>
      </file>
    </package>
  </project>
</coverage>
