{"/home/davewoolner/projects/tweak-app/src/models/patch.ts": {"path":"/home/davewoolner/projects/tweak-app/src/models/patch.ts","statementMap":{"0":{"start":{"line":6,"column":11},"end":{"line":6,"column":23}},"1":{"start":{"line":12,"column":4},"end":{"line":14,"column":5}},"2":{"start":{"line":13,"column":6},"end":{"line":13,"column":77}},"3":{"start":{"line":16,"column":22},"end":{"line":20,"column":5}},"4":{"start":{"line":22,"column":4},"end":{"line":24,"column":5}},"5":{"start":{"line":23,"column":6},"end":{"line":23,"column":78}},"6":{"start":{"line":26,"column":4},"end":{"line":28,"column":7}},"7":{"start":{"line":36,"column":21},"end":{"line":54,"column":6}},"8":{"start":{"line":56,"column":4},"end":{"line":56,"column":31}}},"fnMap":{"0":{"name":"(anonymous_0)","decl":{"start":{"line":8,"column":2},"end":{"line":8,"column":3}},"loc":{"start":{"line":11,"column":24},"end":{"line":29,"column":3}},"line":11},"1":{"name":"(anonymous_1)","decl":{"start":{"line":31,"column":2},"end":{"line":31,"column":3}},"loc":{"start":{"line":35,"column":22},"end":{"line":57,"column":3}},"line":35}},"branchMap":{"0":{"loc":{"start":{"line":12,"column":4},"end":{"line":14,"column":5}},"type":"if","locations":[{"start":{"line":12,"column":4},"end":{"line":14,"column":5}},{"start":{},"end":{}}],"line":12},"1":{"loc":{"start":{"line":22,"column":4},"end":{"line":24,"column":5}},"type":"if","locations":[{"start":{"line":22,"column":4},"end":{"line":24,"column":5}},{"start":{},"end":{}}],"line":22}},"s":{"0":13,"1":3,"2":1,"3":2,"4":2,"5":1,"6":1,"7":7,"8":7},"f":{"0":3,"1":7},"b":{"0":[1,2],"1":[1,1]},"_coverageSchema":"1a1c01bbd47fc00a2c39e90264f33305004495a9","hash":"7ae99ad9ce16c7fb7a043b320fd99d73a6e663fe"}
}
