{"/Users/davewoolner/Desktop/tweak-app/src/components/fixture.tsx": {"path":"/Users/davewoolner/Desktop/tweak-app/src/components/fixture.tsx","statementMap":{"0":{"start":{"line":28,"column":23},"end":{"line":146,"column":1}},"1":{"start":{"line":38,"column":23},"end":{"line":38,"column":54}},"2":{"start":{"line":39,"column":44},"end":{"line":39,"column":113}},"3":{"start":{"line":40,"column":48},"end":{"line":40,"column":63}},"4":{"start":{"line":41,"column":46},"end":{"line":41,"column":61}},"5":{"start":{"line":48,"column":4},"end":{"line":50,"column":5}},"6":{"start":{"line":49,"column":6},"end":{"line":49,"column":13}},"7":{"start":{"line":52,"column":44},"end":{"line":52,"column":71}},"8":{"start":{"line":53,"column":40},"end":{"line":53,"column":58}},"9":{"start":{"line":55,"column":34},"end":{"line":55,"column":36}},"10":{"start":{"line":57,"column":4},"end":{"line":61,"column":7}},"11":{"start":{"line":58,"column":31},"end":{"line":58,"column":36}},"12":{"start":{"line":60,"column":6},"end":{"line":60,"column":61}},"13":{"start":{"line":63,"column":4},"end":{"line":63,"column":18}},"14":{"start":{"line":66,"column":2},"end":{"line":73,"column":20}},"15":{"start":{"line":67,"column":4},"end":{"line":71,"column":5}},"16":{"start":{"line":68,"column":6},"end":{"line":68,"column":37}},"17":{"start":{"line":69,"column":6},"end":{"line":69,"column":31}},"18":{"start":{"line":70,"column":6},"end":{"line":70,"column":30}},"19":{"start":{"line":75,"column":2},"end":{"line":89,"column":26}},"20":{"start":{"line":77,"column":4},"end":{"line":88,"column":5}},"21":{"start":{"line":78,"column":6},"end":{"line":85,"column":8}},"22":{"start":{"line":87,"column":6},"end":{"line":87,"column":56}},"23":{"start":{"line":91,"column":23},"end":{"line":109,"column":3}},"24":{"start":{"line":94,"column":4},"end":{"line":107,"column":5}},"25":{"start":{"line":95,"column":6},"end":{"line":100,"column":9}},"26":{"start":{"line":96,"column":21},"end":{"line":96,"column":41}},"27":{"start":{"line":97,"column":8},"end":{"line":97,"column":49}},"28":{"start":{"line":99,"column":8},"end":{"line":99,"column":20}},"29":{"start":{"line":102,"column":6},"end":{"line":106,"column":9}},"30":{"start":{"line":103,"column":21},"end":{"line":103,"column":41}},"31":{"start":{"line":104,"column":8},"end":{"line":104,"column":46}},"32":{"start":{"line":105,"column":8},"end":{"line":105,"column":20}},"33":{"start":{"line":108,"column":4},"end":{"line":108,"column":46}},"34":{"start":{"line":111,"column":24},"end":{"line":124,"column":3}},"35":{"start":{"line":112,"column":59},"end":{"line":112,"column":61}},"36":{"start":{"line":114,"column":4},"end":{"line":116,"column":5}},"37":{"start":{"line":115,"column":6},"end":{"line":115,"column":43}},"38":{"start":{"line":118,"column":4},"end":{"line":122,"column":5}},"39":{"start":{"line":119,"column":6},"end":{"line":119,"column":37}},"40":{"start":{"line":121,"column":6},"end":{"line":121,"column":50}},"41":{"start":{"line":123,"column":4},"end":{"line":123,"column":18}},"42":{"start":{"line":126,"column":2},"end":{"line":145,"column":4}},"43":{"start":{"line":131,"column":8},"end":{"line":138,"column":10}},"44":{"start":{"line":148,"column":15},"end":{"line":162,"column":2}}},"fnMap":{"0":{"name":"(anonymous_0)","decl":{"start":{"line":28,"column":23},"end":{"line":28,"column":24}},"loc":{"start":{"line":37,"column":20},"end":{"line":146,"column":1}},"line":37},"1":{"name":"handleChannelValues","decl":{"start":{"line":44,"column":11},"end":{"line":44,"column":30}},"loc":{"start":{"line":47,"column":19},"end":{"line":64,"column":3}},"line":47},"2":{"name":"(anonymous_2)","decl":{"start":{"line":57,"column":25},"end":{"line":57,"column":26}},"loc":{"start":{"line":57,"column":36},"end":{"line":61,"column":5}},"line":57},"3":{"name":"(anonymous_3)","decl":{"start":{"line":66,"column":12},"end":{"line":66,"column":13}},"loc":{"start":{"line":66,"column":18},"end":{"line":73,"column":3}},"line":66},"4":{"name":"(anonymous_4)","decl":{"start":{"line":75,"column":12},"end":{"line":75,"column":13}},"loc":{"start":{"line":75,"column":18},"end":{"line":89,"column":3}},"line":75},"5":{"name":"(anonymous_5)","decl":{"start":{"line":91,"column":23},"end":{"line":91,"column":24}},"loc":{"start":{"line":91,"column":49},"end":{"line":109,"column":3}},"line":91},"6":{"name":"(anonymous_6)","decl":{"start":{"line":95,"column":28},"end":{"line":95,"column":29}},"loc":{"start":{"line":95,"column":53},"end":{"line":100,"column":7}},"line":95},"7":{"name":"(anonymous_7)","decl":{"start":{"line":102,"column":28},"end":{"line":102,"column":29}},"loc":{"start":{"line":102,"column":53},"end":{"line":106,"column":7}},"line":102},"8":{"name":"(anonymous_8)","decl":{"start":{"line":111,"column":24},"end":{"line":111,"column":25}},"loc":{"start":{"line":111,"column":57},"end":{"line":124,"column":3}},"line":111},"9":{"name":"(anonymous_9)","decl":{"start":{"line":130,"column":20},"end":{"line":130,"column":21}},"loc":{"start":{"line":131,"column":8},"end":{"line":138,"column":10}},"line":131}},"branchMap":{"0":{"loc":{"start":{"line":48,"column":4},"end":{"line":50,"column":5}},"type":"if","locations":[{"start":{"line":48,"column":4},"end":{"line":50,"column":5}},{"start":{},"end":{}}],"line":48},"1":{"loc":{"start":{"line":48,"column":8},"end":{"line":48,"column":35}},"type":"binary-expr","locations":[{"start":{"line":48,"column":8},"end":{"line":48,"column":24}},{"start":{"line":48,"column":28},"end":{"line":48,"column":35}}],"line":48},"2":{"loc":{"start":{"line":67,"column":4},"end":{"line":71,"column":5}},"type":"if","locations":[{"start":{"line":67,"column":4},"end":{"line":71,"column":5}},{"start":{},"end":{}}],"line":67},"3":{"loc":{"start":{"line":77,"column":4},"end":{"line":88,"column":5}},"type":"if","locations":[{"start":{"line":77,"column":4},"end":{"line":88,"column":5}},{"start":{"line":86,"column":11},"end":{"line":88,"column":5}}],"line":77},"4":{"loc":{"start":{"line":94,"column":4},"end":{"line":107,"column":5}},"type":"if","locations":[{"start":{"line":94,"column":4},"end":{"line":107,"column":5}},{"start":{"line":101,"column":11},"end":{"line":107,"column":5}}],"line":94},"5":{"loc":{"start":{"line":114,"column":4},"end":{"line":116,"column":5}},"type":"if","locations":[{"start":{"line":114,"column":4},"end":{"line":116,"column":5}},{"start":{},"end":{}}],"line":114},"6":{"loc":{"start":{"line":118,"column":4},"end":{"line":122,"column":5}},"type":"if","locations":[{"start":{"line":118,"column":4},"end":{"line":122,"column":5}},{"start":{"line":120,"column":11},"end":{"line":122,"column":5}}],"line":118}},"s":{"0":0,"1":0,"2":0,"3":0,"4":0,"5":0,"6":0,"7":0,"8":0,"9":0,"10":0,"11":0,"12":0,"13":0,"14":0,"15":0,"16":0,"17":0,"18":0,"19":0,"20":0,"21":0,"22":0,"23":0,"24":0,"25":0,"26":0,"27":0,"28":0,"29":0,"30":0,"31":0,"32":0,"33":0,"34":0,"35":0,"36":0,"37":0,"38":0,"39":0,"40":0,"41":0,"42":0,"43":0,"44":0},"f":{"0":0,"1":0,"2":0,"3":0,"4":0,"5":0,"6":0,"7":0,"8":0,"9":0},"b":{"0":[0,0],"1":[0,0],"2":[0,0],"3":[0,0],"4":[0,0],"5":[0,0],"6":[0,0]}}
,"/Users/davewoolner/Desktop/tweak-app/src/components/layout-area.tsx": {"path":"/Users/davewoolner/Desktop/tweak-app/src/components/layout-area.tsx","statementMap":{"0":{"start":{"line":25,"column":34},"end":{"line":25,"column":36}},"1":{"start":{"line":27,"column":26},"end":{"line":72,"column":1}},"2":{"start":{"line":29,"column":34},"end":{"line":29,"column":73}},"3":{"start":{"line":30,"column":54},"end":{"line":30,"column":113}},"4":{"start":{"line":32,"column":24},"end":{"line":42,"column":3}},"5":{"start":{"line":33,"column":4},"end":{"line":41,"column":5}},"6":{"start":{"line":34,"column":38},"end":{"line":36,"column":76}},"7":{"start":{"line":38,"column":6},"end":{"line":38,"column":37}},"8":{"start":{"line":40,"column":6},"end":{"line":40,"column":21}},"9":{"start":{"line":44,"column":2},"end":{"line":48,"column":21}},"10":{"start":{"line":45,"column":4},"end":{"line":47,"column":5}},"11":{"start":{"line":50,"column":2},"end":{"line":53,"column":30}},"12":{"start":{"line":51,"column":3},"end":{"line":51,"column":78}},"13":{"start":{"line":55,"column":2},"end":{"line":71,"column":4}},"14":{"start":{"line":63,"column":8},"end":{"line":68,"column":10}},"15":{"start":{"line":74,"column":15},"end":{"line":135,"column":2}}},"fnMap":{"0":{"name":"(anonymous_0)","decl":{"start":{"line":27,"column":26},"end":{"line":27,"column":27}},"loc":{"start":{"line":27,"column":73},"end":{"line":72,"column":1}},"line":27},"1":{"name":"(anonymous_1)","decl":{"start":{"line":32,"column":24},"end":{"line":32,"column":25}},"loc":{"start":{"line":32,"column":36},"end":{"line":42,"column":3}},"line":32},"2":{"name":"(anonymous_2)","decl":{"start":{"line":44,"column":12},"end":{"line":44,"column":13}},"loc":{"start":{"line":44,"column":18},"end":{"line":48,"column":3}},"line":44},"3":{"name":"(anonymous_3)","decl":{"start":{"line":50,"column":12},"end":{"line":50,"column":13}},"loc":{"start":{"line":50,"column":18},"end":{"line":53,"column":3}},"line":50},"4":{"name":"(anonymous_4)","decl":{"start":{"line":62,"column":21},"end":{"line":62,"column":22}},"loc":{"start":{"line":63,"column":8},"end":{"line":68,"column":10}},"line":63}},"branchMap":{"0":{"loc":{"start":{"line":45,"column":4},"end":{"line":47,"column":5}},"type":"if","locations":[{"start":{"line":45,"column":4},"end":{"line":47,"column":5}},{"start":{},"end":{}}],"line":45}},"s":{"0":0,"1":0,"2":0,"3":0,"4":0,"5":0,"6":0,"7":0,"8":0,"9":0,"10":0,"11":0,"12":0,"13":0,"14":0,"15":0},"f":{"0":0,"1":0,"2":0,"3":0,"4":0},"b":{"0":[0,0]}}
,"/Users/davewoolner/Desktop/tweak-app/src/components/scene.tsx": {"path":"/Users/davewoolner/Desktop/tweak-app/src/components/scene.tsx","statementMap":{"0":{"start":{"line":16,"column":21},"end":{"line":77,"column":1}},"1":{"start":{"line":17,"column":27},"end":{"line":19,"column":3}},"2":{"start":{"line":18,"column":4},"end":{"line":18,"column":39}},"3":{"start":{"line":21,"column":25},"end":{"line":47,"column":3}},"4":{"start":{"line":22,"column":4},"end":{"line":46,"column":5}},"5":{"start":{"line":23,"column":19},"end":{"line":23,"column":47}},"6":{"start":{"line":27,"column":6},"end":{"line":31,"column":7}},"7":{"start":{"line":28,"column":8},"end":{"line":28,"column":74}},"8":{"start":{"line":30,"column":8},"end":{"line":30,"column":48}},"9":{"start":{"line":33,"column":6},"end":{"line":42,"column":7}},"10":{"start":{"line":34,"column":8},"end":{"line":38,"column":10}},"11":{"start":{"line":35,"column":10},"end":{"line":35,"column":54}},"12":{"start":{"line":37,"column":10},"end":{"line":37,"column":43}},"13":{"start":{"line":41,"column":8},"end":{"line":41,"column":59}},"14":{"start":{"line":45,"column":6},"end":{"line":45,"column":21}},"15":{"start":{"line":49,"column":19},"end":{"line":65,"column":3}},"16":{"start":{"line":51,"column":4},"end":{"line":64,"column":5}},"17":{"start":{"line":53,"column":6},"end":{"line":61,"column":83}},"18":{"start":{"line":54,"column":8},"end":{"line":60,"column":10}},"19":{"start":{"line":55,"column":10},"end":{"line":59,"column":25}},"20":{"start":{"line":61,"column":21},"end":{"line":61,"column":50}},"21":{"start":{"line":61,"column":65},"end":{"line":61,"column":81}},"22":{"start":{"line":63,"column":6},"end":{"line":63,"column":21}},"23":{"start":{"line":67,"column":2},"end":{"line":76,"column":3}},"24":{"start":{"line":79,"column":15},"end":{"line":111,"column":2}}},"fnMap":{"0":{"name":"(anonymous_0)","decl":{"start":{"line":16,"column":21},"end":{"line":16,"column":22}},"loc":{"start":{"line":16,"column":44},"end":{"line":77,"column":1}},"line":16},"1":{"name":"(anonymous_1)","decl":{"start":{"line":17,"column":27},"end":{"line":17,"column":28}},"loc":{"start":{"line":17,"column":33},"end":{"line":19,"column":3}},"line":17},"2":{"name":"(anonymous_2)","decl":{"start":{"line":21,"column":25},"end":{"line":21,"column":26}},"loc":{"start":{"line":21,"column":37},"end":{"line":47,"column":3}},"line":21},"3":{"name":"(anonymous_3)","decl":{"start":{"line":34,"column":38},"end":{"line":34,"column":39}},"loc":{"start":{"line":34,"column":45},"end":{"line":36,"column":9}},"line":34},"4":{"name":"(anonymous_4)","decl":{"start":{"line":36,"column":16},"end":{"line":36,"column":17}},"loc":{"start":{"line":36,"column":23},"end":{"line":38,"column":9}},"line":36},"5":{"name":"(anonymous_5)","decl":{"start":{"line":49,"column":19},"end":{"line":49,"column":20}},"loc":{"start":{"line":49,"column":51},"end":{"line":65,"column":3}},"line":49},"6":{"name":"(anonymous_6)","decl":{"start":{"line":53,"column":27},"end":{"line":53,"column":28}},"loc":{"start":{"line":53,"column":41},"end":{"line":61,"column":7}},"line":53},"7":{"name":"(anonymous_7)","decl":{"start":{"line":54,"column":22},"end":{"line":54,"column":23}},"loc":{"start":{"line":54,"column":54},"end":{"line":60,"column":9}},"line":54},"8":{"name":"(anonymous_8)","decl":{"start":{"line":61,"column":14},"end":{"line":61,"column":15}},"loc":{"start":{"line":61,"column":21},"end":{"line":61,"column":50}},"line":61},"9":{"name":"(anonymous_9)","decl":{"start":{"line":61,"column":58},"end":{"line":61,"column":59}},"loc":{"start":{"line":61,"column":65},"end":{"line":61,"column":81}},"line":61}},"branchMap":{"0":{"loc":{"start":{"line":27,"column":6},"end":{"line":31,"column":7}},"type":"if","locations":[{"start":{"line":27,"column":6},"end":{"line":31,"column":7}},{"start":{"line":29,"column":13},"end":{"line":31,"column":7}}],"line":27},"1":{"loc":{"start":{"line":33,"column":6},"end":{"line":42,"column":7}},"type":"if","locations":[{"start":{"line":33,"column":6},"end":{"line":42,"column":7}},{"start":{"line":40,"column":13},"end":{"line":42,"column":7}}],"line":33}},"s":{"0":0,"1":0,"2":0,"3":0,"4":0,"5":0,"6":0,"7":0,"8":0,"9":0,"10":0,"11":0,"12":0,"13":0,"14":0,"15":0,"16":0,"17":0,"18":0,"19":0,"20":0,"21":0,"22":0,"23":0,"24":0},"f":{"0":0,"1":0,"2":0,"3":0,"4":0,"5":0,"6":0,"7":0,"8":0,"9":0},"b":{"0":[0,0],"1":[0,0]}}
,"/Users/davewoolner/Desktop/tweak-app/src/models/scene-to-fixture-assignments.ts": {"path":"/Users/davewoolner/Desktop/tweak-app/src/models/scene-to-fixture-assignments.ts","statementMap":{"0":{"start":{"line":12,"column":19},"end":{"line":12,"column":45}},"1":{"start":{"line":13,"column":29},"end":{"line":13,"column":66}},"2":{"start":{"line":16,"column":4},"end":{"line":16,"column":14}},"3":{"start":{"line":20,"column":4},"end":{"line":20,"column":36}},"4":{"start":{"line":22,"column":4},"end":{"line":48,"column":5}},"5":{"start":{"line":23,"column":6},"end":{"line":44,"column":9}},"6":{"start":{"line":47,"column":6},"end":{"line":47,"column":28}}},"fnMap":{"0":{"name":"(anonymous_0)","decl":{"start":{"line":15,"column":2},"end":{"line":15,"column":3}},"loc":{"start":{"line":15,"column":28},"end":{"line":17,"column":3}},"line":15},"1":{"name":"(anonymous_1)","decl":{"start":{"line":19,"column":2},"end":{"line":19,"column":3}},"loc":{"start":{"line":19,"column":84},"end":{"line":49,"column":3}},"line":19}},"branchMap":{},"s":{"0":0,"1":0,"2":0,"3":0,"4":0,"5":0,"6":0},"f":{"0":0,"1":0},"b":{}}
,"/Users/davewoolner/Desktop/tweak-app/src/util/fixture-cache.ts": {"path":"/Users/davewoolner/Desktop/tweak-app/src/util/fixture-cache.ts","statementMap":{"0":{"start":{"line":5,"column":2},"end":{"line":5,"column":74}},"1":{"start":{"line":8,"column":32},"end":{"line":20,"column":1}},"2":{"start":{"line":12,"column":2},"end":{"line":19,"column":3}},"3":{"start":{"line":13,"column":22},"end":{"line":15,"column":5}},"4":{"start":{"line":16,"column":4},"end":{"line":16,"column":61}},"5":{"start":{"line":18,"column":4},"end":{"line":18,"column":19}},"6":{"start":{"line":22,"column":32},"end":{"line":33,"column":1}},"7":{"start":{"line":23,"column":2},"end":{"line":31,"column":3}},"8":{"start":{"line":24,"column":22},"end":{"line":24,"column":45}},"9":{"start":{"line":25,"column":4},"end":{"line":28,"column":6}},"10":{"start":{"line":30,"column":4},"end":{"line":30,"column":19}},"11":{"start":{"line":32,"column":2},"end":{"line":32,"column":80}},"12":{"start":{"line":35,"column":35},"end":{"line":46,"column":1}},"13":{"start":{"line":39,"column":2},"end":{"line":43,"column":3}},"14":{"start":{"line":40,"column":4},"end":{"line":40,"column":74}},"15":{"start":{"line":42,"column":4},"end":{"line":42,"column":19}},"16":{"start":{"line":45,"column":2},"end":{"line":45,"column":65}},"17":{"start":{"line":48,"column":36},"end":{"line":56,"column":1}},"18":{"start":{"line":50,"column":2},"end":{"line":54,"column":3}},"19":{"start":{"line":51,"column":4},"end":{"line":51,"column":43}},"20":{"start":{"line":53,"column":4},"end":{"line":53,"column":19}},"21":{"start":{"line":55,"column":2},"end":{"line":55,"column":14}},"22":{"start":{"line":58,"column":43},"end":{"line":70,"column":1}},"23":{"start":{"line":59,"column":2},"end":{"line":69,"column":3}},"24":{"start":{"line":61,"column":51},"end":{"line":61,"column":84}},"25":{"start":{"line":63,"column":4},"end":{"line":65,"column":5}},"26":{"start":{"line":64,"column":36},"end":{"line":64,"column":66}},"27":{"start":{"line":67,"column":4},"end":{"line":67,"column":21}},"28":{"start":{"line":72,"column":33},"end":{"line":78,"column":1}},"29":{"start":{"line":73,"column":23},"end":{"line":73,"column":75}},"30":{"start":{"line":73,"column":44},"end":{"line":73,"column":74}},"31":{"start":{"line":75,"column":2},"end":{"line":77,"column":4}},"32":{"start":{"line":76,"column":4},"end":{"line":76,"column":71}},"33":{"start":{"line":81,"column":2},"end":{"line":83,"column":3}},"34":{"start":{"line":82,"column":4},"end":{"line":82,"column":48}},"35":{"start":{"line":84,"column":2},"end":{"line":84,"column":49}},"36":{"start":{"line":88,"column":2},"end":{"line":95,"column":4}},"37":{"start":{"line":89,"column":18},"end":{"line":89,"column":24}},"38":{"start":{"line":90,"column":4},"end":{"line":94,"column":5}},"39":{"start":{"line":91,"column":6},"end":{"line":91,"column":31}},"40":{"start":{"line":93,"column":6},"end":{"line":93,"column":16}}},"fnMap":{"0":{"name":"buildKey","decl":{"start":{"line":4,"column":9},"end":{"line":4,"column":17}},"loc":{"start":{"line":4,"column":64},"end":{"line":6,"column":1}},"line":4},"1":{"name":"(anonymous_1)","decl":{"start":{"line":8,"column":32},"end":{"line":8,"column":33}},"loc":{"start":{"line":11,"column":5},"end":{"line":20,"column":1}},"line":11},"2":{"name":"(anonymous_2)","decl":{"start":{"line":22,"column":32},"end":{"line":22,"column":33}},"loc":{"start":{"line":22,"column":64},"end":{"line":33,"column":1}},"line":22},"3":{"name":"(anonymous_3)","decl":{"start":{"line":35,"column":35},"end":{"line":35,"column":36}},"loc":{"start":{"line":38,"column":5},"end":{"line":46,"column":1}},"line":38},"4":{"name":"(anonymous_4)","decl":{"start":{"line":48,"column":36},"end":{"line":48,"column":37}},"loc":{"start":{"line":48,"column":48},"end":{"line":56,"column":1}},"line":48},"5":{"name":"(anonymous_5)","decl":{"start":{"line":58,"column":43},"end":{"line":58,"column":44}},"loc":{"start":{"line":58,"column":95},"end":{"line":70,"column":1}},"line":58},"6":{"name":"(anonymous_6)","decl":{"start":{"line":64,"column":27},"end":{"line":64,"column":28}},"loc":{"start":{"line":64,"column":36},"end":{"line":64,"column":66}},"line":64},"7":{"name":"(anonymous_7)","decl":{"start":{"line":72,"column":33},"end":{"line":72,"column":34}},"loc":{"start":{"line":72,"column":85},"end":{"line":78,"column":1}},"line":72},"8":{"name":"(anonymous_8)","decl":{"start":{"line":73,"column":35},"end":{"line":73,"column":36}},"loc":{"start":{"line":73,"column":44},"end":{"line":73,"column":74}},"line":73},"9":{"name":"(anonymous_9)","decl":{"start":{"line":75,"column":46},"end":{"line":75,"column":47}},"loc":{"start":{"line":75,"column":53},"end":{"line":77,"column":3}},"line":75},"10":{"name":"keyIncludesScene","decl":{"start":{"line":80,"column":9},"end":{"line":80,"column":25}},"loc":{"start":{"line":80,"column":71},"end":{"line":85,"column":1}},"line":80},"11":{"name":"mapValuesToFixtures","decl":{"start":{"line":87,"column":9},"end":{"line":87,"column":28}},"loc":{"start":{"line":87,"column":75},"end":{"line":96,"column":1}},"line":87},"12":{"name":"(anonymous_12)","decl":{"start":{"line":88,"column":27},"end":{"line":88,"column":28}},"loc":{"start":{"line":88,"column":36},"end":{"line":95,"column":3}},"line":88}},"branchMap":{"0":{"loc":{"start":{"line":16,"column":11},"end":{"line":16,"column":60}},"type":"cond-expr","locations":[{"start":{"line":16,"column":32},"end":{"line":16,"column":53}},{"start":{"line":16,"column":56},"end":{"line":16,"column":60}}],"line":16},"1":{"loc":{"start":{"line":81,"column":2},"end":{"line":83,"column":3}},"type":"if","locations":[{"start":{"line":81,"column":2},"end":{"line":83,"column":3}},{"start":{},"end":{}}],"line":81},"2":{"loc":{"start":{"line":90,"column":4},"end":{"line":94,"column":5}},"type":"if","locations":[{"start":{"line":90,"column":4},"end":{"line":94,"column":5}},{"start":{"line":92,"column":11},"end":{"line":94,"column":5}}],"line":90}},"s":{"0":0,"1":0,"2":0,"3":0,"4":0,"5":0,"6":0,"7":0,"8":0,"9":0,"10":0,"11":0,"12":0,"13":0,"14":0,"15":0,"16":0,"17":0,"18":0,"19":0,"20":0,"21":0,"22":0,"23":0,"24":0,"25":0,"26":0,"27":0,"28":0,"29":0,"30":0,"31":0,"32":0,"33":0,"34":0,"35":0,"36":0,"37":0,"38":0,"39":0,"40":0},"f":{"0":0,"1":0,"2":0,"3":0,"4":0,"5":0,"6":0,"7":0,"8":0,"9":0,"10":0,"11":0,"12":0},"b":{"0":[0,0],"1":[0,0],"2":[0,0]}}
,"/Users/davewoolner/Desktop/tweak-app/src/util/helpers.ts": {"path":"/Users/davewoolner/Desktop/tweak-app/src/util/helpers.ts","statementMap":{"0":{"start":{"line":4,"column":2},"end":{"line":24,"column":3}},"1":{"start":{"line":5,"column":17},"end":{"line":5,"column":45}},"2":{"start":{"line":6,"column":4},"end":{"line":19,"column":5}},"3":{"start":{"line":7,"column":29},"end":{"line":7,"column":85}},"4":{"start":{"line":8,"column":6},"end":{"line":8,"column":34}},"5":{"start":{"line":10,"column":25},"end":{"line":10,"column":46}},"6":{"start":{"line":12,"column":6},"end":{"line":16,"column":7}},"7":{"start":{"line":13,"column":8},"end":{"line":13,"column":56}},"8":{"start":{"line":15,"column":8},"end":{"line":15,"column":26}},"9":{"start":{"line":18,"column":6},"end":{"line":18,"column":13}},"10":{"start":{"line":20,"column":4},"end":{"line":20,"column":44}},"11":{"start":{"line":23,"column":4},"end":{"line":23,"column":21}}},"fnMap":{"0":{"name":"mergeCacheWithDBFixtures","decl":{"start":{"line":3,"column":22},"end":{"line":3,"column":46}},"loc":{"start":{"line":3,"column":101},"end":{"line":25,"column":1}},"line":3}},"branchMap":{"0":{"loc":{"start":{"line":6,"column":4},"end":{"line":19,"column":5}},"type":"if","locations":[{"start":{"line":6,"column":4},"end":{"line":19,"column":5}},{"start":{},"end":{}}],"line":6},"1":{"loc":{"start":{"line":12,"column":6},"end":{"line":16,"column":7}},"type":"if","locations":[{"start":{"line":12,"column":6},"end":{"line":16,"column":7}},{"start":{"line":14,"column":13},"end":{"line":16,"column":7}}],"line":12},"2":{"loc":{"start":{"line":12,"column":10},"end":{"line":12,"column":72}},"type":"binary-expr","locations":[{"start":{"line":12,"column":10},"end":{"line":12,"column":41}},{"start":{"line":12,"column":45},"end":{"line":12,"column":72}}],"line":12}},"s":{"0":0,"1":0,"2":0,"3":0,"4":0,"5":0,"6":0,"7":0,"8":0,"9":0,"10":0,"11":0},"f":{"0":0},"b":{"0":[0,0],"1":[0,0],"2":[0,0]}}
}
