TN:
SF:src/components/fixture.tsx
FN:30,(anonymous_0)
FN:47,handleChannelValues
FN:60,(anonymous_2)
FN:69,(anonymous_3)
FN:77,(anonymous_4)
FN:93,(anonymous_5)
FN:97,(anonymous_6)
FN:104,(anonymous_7)
FN:113,(anonymous_8)
FN:132,(anonymous_9)
FNF:10
FNH:5
FNDA:2,(anonymous_0)
FNDA:2,handleChannelValues
FNDA:0,(anonymous_2)
FNDA:2,(anonymous_3)
FNDA:2,(anonymous_4)
FNDA:0,(anonymous_5)
FNDA:0,(anonymous_6)
FNDA:0,(anonymous_7)
FNDA:4,(anonymous_8)
FNDA:0,(anonymous_9)
DA:30,1
DA:40,2
DA:41,2
DA:44,2
DA:45,2
DA:51,2
DA:52,2
DA:55,0
DA:56,0
DA:58,0
DA:60,0
DA:61,0
DA:63,0
DA:66,0
DA:69,2
DA:70,2
DA:71,0
DA:72,0
DA:73,0
DA:77,2
DA:79,2
DA:80,0
DA:89,2
DA:93,2
DA:96,0
DA:97,0
DA:98,0
DA:99,0
DA:101,0
DA:104,0
DA:105,0
DA:106,0
DA:107,0
DA:110,0
DA:113,2
DA:114,4
DA:116,4
DA:117,0
DA:120,4
DA:121,0
DA:123,4
DA:125,4
DA:128,2
DA:133,0
DA:152,1
LF:45
LH:21
BRDA:51,0,0,2
BRDA:51,0,1,0
BRDA:51,1,0,2
BRDA:51,1,1,0
BRDA:70,2,0,0
BRDA:70,2,1,2
BRDA:79,3,0,0
BRDA:79,3,1,2
BRDA:96,4,0,0
BRDA:96,4,1,0
BRDA:116,5,0,0
BRDA:116,5,1,4
BRDA:120,6,0,0
BRDA:120,6,1,4
BRF:14
BRH:6
end_of_record
TN:
SF:src/components/layout-area.tsx
FN:28,(anonymous_0)
FN:34,(anonymous_1)
FN:46,(anonymous_2)
FN:51,(anonymous_3)
FN:62,(anonymous_4)
FNF:5
FNH:5
FNDA:3,(anonymous_0)
FNDA:1,(anonymous_1)
FNDA:1,(anonymous_2)
FNDA:1,(anonymous_3)
FNDA:2,(anonymous_4)
DA:26,1
DA:28,1
DA:29,3
DA:30,2
DA:34,2
DA:35,1
DA:36,1
DA:40,1
DA:42,0
DA:46,2
DA:47,1
DA:51,2
DA:52,1
DA:55,2
DA:63,2
DA:74,1
LF:16
LH:15
BRDA:47,0,0,0
BRDA:47,0,1,1
BRF:2
BRH:1
end_of_record
TN:
SF:src/db/client.ts
FNF:0
FNH:0
DA:8,0
DA:13,0
DA:15,0
LF:3
LH:0
BRF:0
BRH:0
end_of_record
TN:
SF:src/models/scene-to-fixture-assignments.ts
FN:21,(anonymous_0)
FN:25,(anonymous_1)
FNF:2
FNH:0
FNDA:0,(anonymous_0)
FNDA:0,(anonymous_1)
DA:18,0
DA:19,0
DA:22,0
DA:29,0
DA:31,0
DA:32,0
DA:61,0
LF:7
LH:0
BRF:0
BRH:0
end_of_record
TN:
SF:src/util/errors.ts
FN:1,handleDatabaseError
FNF:1
FNH:1
FNDA:7,handleDatabaseError
DA:2,7
DA:3,5
DA:5,2
LF:3
LH:3
BRDA:2,0,0,5
BRDA:2,0,1,2
BRF:2
BRH:2
end_of_record
TN:
SF:src/util/fixture-cache.ts
FN:4,buildKey
FN:8,(anonymous_1)
FN:22,(anonymous_2)
FN:35,(anonymous_3)
FN:48,(anonymous_4)
FN:58,(anonymous_5)
FN:67,(anonymous_6)
FN:74,(anonymous_7)
FN:78,(anonymous_8)
FN:80,(anonymous_9)
FN:85,keyIncludesScene
FN:92,mapValuesToFixtures
FN:93,(anonymous_12)
FNF:13
FNH:0
FNDA:0,buildKey
FNDA:0,(anonymous_1)
FNDA:0,(anonymous_2)
FNDA:0,(anonymous_3)
FNDA:0,(anonymous_4)
FNDA:0,(anonymous_5)
FNDA:0,(anonymous_6)
FNDA:0,(anonymous_7)
FNDA:0,(anonymous_8)
FNDA:0,(anonymous_9)
FNDA:0,keyIncludesScene
FNDA:0,mapValuesToFixtures
FNDA:0,(anonymous_12)
DA:5,0
DA:8,1
DA:12,0
DA:13,0
DA:16,0
DA:18,0
DA:22,1
DA:23,0
DA:24,0
DA:25,0
DA:30,0
DA:32,0
DA:35,1
DA:39,0
DA:40,0
DA:42,0
DA:45,0
DA:48,1
DA:50,0
DA:51,0
DA:53,0
DA:55,0
DA:58,1
DA:62,0
DA:64,0
DA:66,0
DA:67,0
DA:70,0
DA:74,1
DA:78,0
DA:80,0
DA:81,0
DA:86,0
DA:87,0
DA:89,0
DA:93,0
DA:94,0
DA:95,0
DA:96,0
DA:98,0
LF:40
LH:6
BRDA:16,0,0,0
BRDA:16,0,1,0
BRDA:86,1,0,0
BRDA:86,1,1,0
BRDA:95,2,0,0
BRDA:95,2,1,0
BRF:6
BRH:0
end_of_record
TN:
SF:src/util/helpers.ts
FN:28,mergeCacheWithDBFixtures
FNF:1
FNH:1
FNDA:1,mergeCacheWithDBFixtures
DA:33,1
DA:34,1
DA:35,1
DA:36,1
DA:40,1
DA:42,1
DA:44,1
DA:45,1
DA:47,0
DA:50,1
DA:52,0
DA:54,0
DA:79,1
LF:13
LH:10
BRDA:35,0,0,1
BRDA:35,0,1,0
BRDA:44,1,0,1
BRDA:44,1,1,0
BRDA:44,2,0,1
BRDA:44,2,1,1
BRF:6
BRH:4
end_of_record
